2012-11-02 16:04:34.679 MyGamer[20915:1507] Supported extensions:
2012-11-02 16:04:34.681 MyGamer[20915:1507] GL_OES_depth_texture
2012-11-02 16:04:34.682 MyGamer[20915:1507] GL_OES_depth24
2012-11-02 16:04:34.683 MyGamer[20915:1507] GL_OES_element_index_uint
2012-11-02 16:04:34.683 MyGamer[20915:1507] GL_OES_fbo_render_mipmap
2012-11-02 16:04:34.684 MyGamer[20915:1507] GL_OES_mapbuffer
2012-11-02 16:04:34.684 MyGamer[20915:1507] GL_OES_packed_depth_stencil
2012-11-02 16:04:34.685 MyGamer[20915:1507] GL_OES_rgb8_rgba8
2012-11-02 16:04:34.685 MyGamer[20915:1507] GL_OES_standard_derivatives
2012-11-02 16:04:34.686 MyGamer[20915:1507] GL_OES_texture_float
2012-11-02 16:04:34.686 MyGamer[20915:1507] GL_OES_texture_half_float
2012-11-02 16:04:34.687 MyGamer[20915:1507] GL_OES_texture_half_float_linear
2012-11-02 16:04:34.687 MyGamer[20915:1507] GL_OES_vertex_array_object
2012-11-02 16:04:34.688 MyGamer[20915:1507] GL_EXT_blend_minmax
2012-11-02 16:04:34.688 MyGamer[20915:1507] GL_EXT_color_buffer_half_float
2012-11-02 16:04:34.689 MyGamer[20915:1507] GL_EXT_debug_label
2012-11-02 16:04:34.689 MyGamer[20915:1507] GL_EXT_debug_marker
2012-11-02 16:04:34.690 MyGamer[20915:1507] GL_EXT_discard_framebuffer
2012-11-02 16:04:34.690 MyGamer[20915:1507] GL_EXT_map_buffer_range
2012-11-02 16:04:34.691 MyGamer[20915:1507] GL_EXT_occlusion_query_boolean
2012-11-02 16:04:34.691 MyGamer[20915:1507] GL_EXT_read_format_bgra
2012-11-02 16:04:34.692 MyGamer[20915:1507] GL_EXT_separate_shader_objects
2012-11-02 16:04:34.692 MyGamer[20915:1507] GL_EXT_shader_framebuffer_fetch
2012-11-02 16:04:34.693 MyGamer[20915:1507] GL_EXT_shader_texture_lod
2012-11-02 16:04:34.694 MyGamer[20915:1507] GL_EXT_shadow_samplers
2012-11-02 16:04:34.694 MyGamer[20915:1507] GL_EXT_texture_filter_anisotropic
2012-11-02 16:04:34.695 MyGamer[20915:1507] GL_EXT_texture_rg
2012-11-02 16:04:34.695 MyGamer[20915:1507] GL_EXT_texture_storage
2012-11-02 16:04:34.696 MyGamer[20915:1507] GL_APPLE_copy_texture_levels
2012-11-02 16:04:34.696 MyGamer[20915:1507] GL_APPLE_framebuffer_multisample
2012-11-02 16:04:34.697 MyGamer[20915:1507] GL_APPLE_rgb_422
2012-11-02 16:04:34.697 MyGamer[20915:1507] GL_APPLE_sync
2012-11-02 16:04:34.698 MyGamer[20915:1507] GL_APPLE_texture_format_BGRA8888
2012-11-02 16:04:34.698 MyGamer[20915:1507] GL_APPLE_texture_max_level
2012-11-02 16:04:34.699 MyGamer[20915:1507] GL_IMG_read_format
2012-11-02 16:04:34.699 MyGamer[20915:1507] GL_IMG_texture_compression_pvrtc
2012-11-02 16:04:34.700 MyGamer[20915:1507] 
